<?xml version="1.0" encoding="UTF-8"?>
<testsuites>
  <testsuite name="login" file="/var/www/html/codeigniter/application/tests/controllers/fundooLoginTest.php" tests="1" assertions="1" errors="0" failures="1" skipped="0" time="0.040065">
    <testcase name="testCaseLogin" class="login" classname="login" file="/var/www/html/codeigniter/application/tests/controllers/fundooLoginTest.php" line="22" assertions="1" time="0.040065">
      <failure type="PHPUnit\Framework\ExpectationFailedException">login::testCaseLogin
password incorrect
Failed asserting that two strings are equal.
--- Expected
+++ Actual
@@ @@
-'200'
+'204'

/var/www/html/codeigniter/application/tests/controllers/fundooLoginTest.php:34
</failure>
    </testcase>
  </testsuite>
</testsuites>
